<?xml version="1.0" encoding="UTF-8"?>
<testsuites>
  <testsuite name="CLI Arguments" tests="11" assertions="26" errors="0" failures="0" skipped="0" time="1.612505">
    <testsuite name="Tests\Integration\AuthControllerIntegrationTest" file="/var/www/html/tests/Integration/AuthControllerIntegrationTest.php" tests="3" assertions="8" errors="0" failures="0" skipped="0" time="1.193023">
      <testcase name="test_register_user" file="/var/www/html/tests/Integration/AuthControllerIntegrationTest.php" line="14" class="Tests\Integration\AuthControllerIntegrationTest" classname="Tests.Integration.AuthControllerIntegrationTest" assertions="3" time="1.080964"/>
      <testcase name="test_login_user" file="/var/www/html/tests/Integration/AuthControllerIntegrationTest.php" line="28" class="Tests\Integration\AuthControllerIntegrationTest" classname="Tests.Integration.AuthControllerIntegrationTest" assertions="3" time="0.065790"/>
      <testcase name="test_logout_user" file="/var/www/html/tests/Integration/AuthControllerIntegrationTest.php" line="44" class="Tests\Integration\AuthControllerIntegrationTest" classname="Tests.Integration.AuthControllerIntegrationTest" assertions="2" time="0.046268"/>
    </testsuite>
    <testsuite name="Tests\Integration\CommentControllerIntegrationTest" file="/var/www/html/tests/Integration/CommentControllerIntegrationTest.php" tests="3" assertions="7" errors="0" failures="0" skipped="0" time="0.161948">
      <testcase name="test_create_comment" file="/var/www/html/tests/Integration/CommentControllerIntegrationTest.php" line="16" class="Tests\Integration\CommentControllerIntegrationTest" classname="Tests.Integration.CommentControllerIntegrationTest" assertions="2" time="0.078509"/>
      <testcase name="testUpdateComment" file="/var/www/html/tests/Integration/CommentControllerIntegrationTest.php" line="33" class="Tests\Integration\CommentControllerIntegrationTest" classname="Tests.Integration.CommentControllerIntegrationTest" assertions="3" time="0.047651"/>
      <testcase name="test_delete_comment" file="/var/www/html/tests/Integration/CommentControllerIntegrationTest.php" line="54" class="Tests\Integration\CommentControllerIntegrationTest" classname="Tests.Integration.CommentControllerIntegrationTest" assertions="2" time="0.035787"/>
    </testsuite>
    <testsuite name="Tests\Integration\LikeControllerIntegrationTest" file="/var/www/html/tests/Integration/LikeControllerIntegrationTest.php" tests="2" assertions="4" errors="0" failures="0" skipped="0" time="0.102918">
      <testcase name="test_like_post" file="/var/www/html/tests/Integration/LikeControllerIntegrationTest.php" line="16" class="Tests\Integration\LikeControllerIntegrationTest" classname="Tests.Integration.LikeControllerIntegrationTest" assertions="2" time="0.054989"/>
      <testcase name="test_dislike_post" file="/var/www/html/tests/Integration/LikeControllerIntegrationTest.php" line="31" class="Tests\Integration\LikeControllerIntegrationTest" classname="Tests.Integration.LikeControllerIntegrationTest" assertions="2" time="0.047928"/>
    </testsuite>
    <testsuite name="Tests\Integration\PostControllerIntegrationTest" file="/var/www/html/tests/Integration/PostControllerIntegrationTest.php" tests="3" assertions="7" errors="0" failures="0" skipped="0" time="0.154617">
      <testcase name="test_create_post" file="/var/www/html/tests/Integration/PostControllerIntegrationTest.php" line="15" class="Tests\Integration\PostControllerIntegrationTest" classname="Tests.Integration.PostControllerIntegrationTest" assertions="3" time="0.059180"/>
      <testcase name="test_get_all_posts" file="/var/www/html/tests/Integration/PostControllerIntegrationTest.php" line="31" class="Tests\Integration\PostControllerIntegrationTest" classname="Tests.Integration.PostControllerIntegrationTest" assertions="2" time="0.054142"/>
      <testcase name="test_delete_post" file="/var/www/html/tests/Integration/PostControllerIntegrationTest.php" line="43" class="Tests\Integration\PostControllerIntegrationTest" classname="Tests.Integration.PostControllerIntegrationTest" assertions="2" time="0.041296"/>
    </testsuite>
  </testsuite>
</testsuites>
